<?xml version="1.0" encoding="UTF-8"?>
<testsuite xmlns:xsi="http://www.w3.org/2001/XMLSchema-instance" xsi:noNamespaceSchemaLocation="https://maven.apache.org/surefire/maven-surefire-plugin/xsd/surefire-test-report-3.0.xsd" version="3.0" name="com.minipaint.MiniPaintApplicationTests" time="4.406" tests="1" errors="0" skipped="0" failures="0">
  <properties>
[...]
</properties>
  <testcase name="contextLoads" classname="com.minipaint.MiniPaintApplicationTests" time="0.569">
    <system-out><![CDATA[21:29:28.229 [main] INFO org.springframework.test.context.support.AnnotationConfigContextLoaderUtils -- Could not detect default configuration classes for test class [com.minipaint.MiniPaintApplicationTests]: MiniPaintApplicationTests does not declare any static, non-private, non-final, nested classes annotated with @Configuration.
21:29:28.318 [main] INFO org.springframework.boot.test.context.SpringBootTestContextBootstrapper -- Found @SpringBootConfiguration com.minipaint.MiniPaintApplication for test class com.minipaint.MiniPaintApplicationTests

  .   ____          _            __ _ _
 /\\ / ___'_ __ _ _(_)_ __  __ _ \ \ \ \
( ( )\___ | '_ | '_| | '_ \/ _` | \ \ \ \
 \\/  ___)| |_)| | | | | || (_| |  ) ) ) )
  '  |____| .__|_| |_|_| |_\__, | / / / /
 =========|_|==============|___/=/_/_/_/

 :: Spring Boot ::                (v3.3.5)

2026-05-22T21:29:28.791+08:00  INFO 28920 --- [mini-paint] [           main] c.minipaint.MiniPaintApplicationTests    : Starting MiniPaintApplicationTests using Java 21.0.9 with PID 28920 (started by cc24a in C:\Users\cc24a\Desktop\AI4SE\.worktrees\phase-0-scaffolding\backend)
2026-05-22T21:29:28.792+08:00  INFO 28920 --- [mini-paint] [           main] c.minipaint.MiniPaintApplicationTests    : The following 1 profile is active: "dev"
2026-05-22T21:29:29.534+08:00  INFO 28920 --- [mini-paint] [           main] .s.d.r.c.RepositoryConfigurationDelegate : Bootstrapping Spring Data JPA repositories in DEFAULT mode.
2026-05-22T21:29:29.553+08:00  INFO 28920 --- [mini-paint] [           main] .s.d.r.c.RepositoryConfigurationDelegate : Finished Spring Data repository scanning in 10 ms. Found 0 JPA repository interfaces.
2026-05-22T21:29:29.997+08:00  INFO 28920 --- [mini-paint] [           main] o.hibernate.jpa.internal.util.LogHelper  : HHH000204: Processing PersistenceUnitInfo [name: default]
2026-05-22T21:29:30.050+08:00  INFO 28920 --- [mini-paint] [           main] org.hibernate.Version                    : HHH000412: Hibernate ORM core version 6.5.3.Final
2026-05-22T21:29:30.083+08:00  INFO 28920 --- [mini-paint] [           main] o.h.c.internal.RegionFactoryInitiator    : HHH000026: Second-level cache disabled
2026-05-22T21:29:30.430+08:00  INFO 28920 --- [mini-paint] [           main] o.s.o.j.p.SpringPersistenceUnitInfo      : No LoadTimeWeaver setup: ignoring JPA class transformer
2026-05-22T21:29:30.461+08:00  INFO 28920 --- [mini-paint] [           main] com.zaxxer.hikari.HikariDataSource       : HikariPool-1 - Starting...
2026-05-22T21:29:30.640+08:00  INFO 28920 --- [mini-paint] [           main] com.zaxxer.hikari.pool.HikariPool        : HikariPool-1 - Added connection conn0: url=jdbc:h2:mem:minipaint user=SA
2026-05-22T21:29:30.642+08:00  INFO 28920 --- [mini-paint] [           main] com.zaxxer.hikari.HikariDataSource       : HikariPool-1 - Start completed.
2026-05-22T21:29:30.668+08:00  WARN 28920 --- [mini-paint] [           main] org.hibernate.orm.deprecation            : HHH90000025: H2Dialect does not need to be specified explicitly using 'hibernate.dialect' (remove the property setting and it will be selected by default)
2026-05-22T21:29:31.068+08:00  INFO 28920 --- [mini-paint] [           main] o.h.e.t.j.p.i.JtaPlatformInitiator       : HHH000489: No JTA platform available (set 'hibernate.transaction.jta.platform' to enable JTA platform integration)
2026-05-22T21:29:31.076+08:00  INFO 28920 --- [mini-paint] [           main] j.LocalContainerEntityManagerFactoryBean : Initialized JPA EntityManagerFactory for persistence unit 'default'
2026-05-22T21:29:31.243+08:00  WARN 28920 --- [mini-paint] [           main] JpaBaseConfiguration$JpaWebConfiguration : spring.jpa.open-in-view is enabled by default. Therefore, database queries may be performed during view rendering. Explicitly configure spring.jpa.open-in-view to disable this warning
2026-05-22T21:29:31.611+08:00  INFO 28920 --- [mini-paint] [           main] o.s.b.a.h2.H2ConsoleAutoConfiguration    : H2 console available at '/h2-console'. Database available at 'jdbc:h2:mem:minipaint'
2026-05-22T21:29:31.686+08:00  WARN 28920 --- [mini-paint] [           main] .s.s.UserDetailsServiceAutoConfiguration : 

Using generated security password: 429a27e8-604a-4011-9cda-c957ec590ea9

This generated password is for development use only. Your security configuration must be updated before running your application in production.

2026-05-22T21:29:31.718+08:00  INFO 28920 --- [mini-paint] [           main] r$InitializeUserDetailsManagerConfigurer : Global AuthenticationManager configured with UserDetailsService bean with name inMemoryUserDetailsManager
2026-05-22T21:29:31.892+08:00  INFO 28920 --- [mini-paint] [           main] c.minipaint.MiniPaintApplicationTests    : Started MiniPaintApplicationTests in 3.407 seconds (process running for 4.246)
]]></system-out>
    <system-err><![CDATA[WARNING: A Java agent has been loaded dynamically (D:\Program Files\Maven\repo\net\bytebuddy\byte-buddy-agent\1.14.19\byte-buddy-agent-1.14.19.jar)
WARNING: If a serviceability tool is in use, please run with -XX:+EnableDynamicAgentLoading to hide this warning
WARNING: If a serviceability tool is not in use, please run with -Djdk.instrument.traceUsage for more information
WARNING: Dynamic loading of agents will be disallowed by default in a future release
]]></system-err>
  </testcase>
</testsuite>